<?xml version="1.0" encoding="UTF-8"?>
<testsuites name="Mocha Tests" time="0.199" tests="55" failures="0">
  <testsuite name="Root Suite" timestamp="2025-06-05T03:36:20" tests="0" time="0.000" failures="0">
  </testsuite>
  <testsuite name="Combo" timestamp="2025-06-05T03:36:20" tests="5" file="/home/samuel/borrar/PupasFE/test/js/control/ComboTest.js" time="0.039" failures="0">
    <testcase name="Combo getCombo.ok" time="0.002" classname="getCombo.ok">
    </testcase>
    <testcase name="Combo getCombo.fail" time="0.001" classname="getCombo.fail">
    </testcase>
    <testcase name="Combo showCombos.ok" time="0.021" classname="showCombos.ok">
    </testcase>
    <testcase name="Combo showCombos.noData" time="0.001" classname="showCombos.noData">
    </testcase>
    <testcase name="Combo showCombos.fail" time="0.002" classname="showCombos.fail">
    </testcase>
  </testsuite>
  <testsuite name="Main" timestamp="2025-06-05T03:36:20" tests="5" file="/home/samuel/borrar/PupasFE/test/js/control/MainDTest.js" time="0.020" failures="0">
    <testcase name="Main init.ok" time="0.004" classname="init.ok">
    </testcase>
    <testcase name="Main init.null" time="0.000" classname="init.null">
    </testcase>
    <testcase name="Main createBotonesOrden.ok" time="0.001" classname="createBotonesOrden.ok">
    </testcase>
    <testcase name="Main showMenu.productos.ok" time="0.003" classname="showMenu.productos.ok">
    </testcase>
    <testcase name="Main showMenu.combos.ok" time="0.001" classname="showMenu.combos.ok">
    </testcase>
  </testsuite>
  <testsuite name="Orden" timestamp="2025-06-05T03:36:20" tests="10" file="/home/samuel/borrar/PupasFE/test/js/control/OrdenTest.js" time="0.023" failures="0">
    <testcase name="Orden initOrden.ok" time="0.001" classname="initOrden.ok">
    </testcase>
    <testcase name="Orden cancelOrden.ok " time="0.002" classname="cancelOrden.ok ">
    </testcase>
    <testcase name="Orden estadoOrden.ok" time="0.001" classname="estadoOrden.ok">
    </testcase>
    <testcase name="Orden addProducto.ok" time="0.000" classname="addProducto.ok">
    </testcase>
    <testcase name="Orden addProducto+.ok" time="0.001" classname="addProducto+.ok">
    </testcase>
    <testcase name="Orden notificarCambio.ok" time="0.000" classname="notificarCambio.ok">
    </testcase>
    <testcase name="Orden calcularTotal.ok" time="0.001" classname="calcularTotal.ok">
    </testcase>
    <testcase name="Orden confirmarOrden.ok" time="0.002" classname="confirmarOrden.ok">
    </testcase>
    <testcase name="Orden confirmarOrden.server.fail" time="0.001" classname="confirmarOrden.server.fail">
    </testcase>
    <testcase name="Orden confirmarOrden.excepcion.fail" time="0.001" classname="confirmarOrden.excepcion.fail">
    </testcase>
  </testsuite>
  <testsuite name="Pago" timestamp="2025-06-05T03:36:20" tests="5" file="/home/samuel/borrar/PupasFE/test/js/control/PagoTest.js" time="0.012" failures="0">
    <testcase name="Pago confirmarPago.ok" time="0.001" classname="confirmarPago.ok">
    </testcase>
    <testcase name="Pago confirmarPago.fail" time="0.001" classname="confirmarPago.fail">
    </testcase>
    <testcase name="Pago confirmarPago.fail.fetch" time="0.000" classname="confirmarPago.fail.fetch">
    </testcase>
    <testcase name="Pago createPagoDetalle.ok" time="0.001" classname="createPagoDetalle.ok">
    </testcase>
    <testcase name="Pago createPagoDetalle.fail" time="0.000" classname="createPagoDetalle.fail">
    </testcase>
  </testsuite>
  <testsuite name="Producto.getProductos" timestamp="2025-06-05T03:36:20" tests="2" file="/home/samuel/borrar/PupasFE/test/js/control/ProductoTest.js" time="0.001" failures="0">
    <testcase name="Producto.getProductos getProductos.ok" time="0.000" classname="getProductos.ok">
    </testcase>
    <testcase name="Producto.getProductos getProductos.fail" time="0.000" classname="getProductos.fail">
    </testcase>
  </testsuite>
  <testsuite name="TipoProducto" timestamp="2025-06-05T03:36:20" tests="2" file="/home/samuel/borrar/PupasFE/test/js/control/TipoProductoTest.js" time="0.002" failures="0">
    <testcase name="TipoProducto getTipoProducto.ok " time="0.001" classname="getTipoProducto.ok ">
    </testcase>
    <testcase name="TipoProducto getTipoProducto.fail" time="0.001" classname="getTipoProducto.fail">
    </testcase>
  </testsuite>
  <testsuite name="Combo Integracion" timestamp="2025-06-05T03:36:20" tests="0" file="/home/samuel/borrar/PupasFE/test/js/ControlIT/ComboIT.js" time="0.000" failures="0">
  </testsuite>
  <testsuite name="Combo.getCombo" timestamp="2025-06-05T03:36:20" tests="2" file="/home/samuel/borrar/PupasFE/test/js/ControlIT/ComboIT.js" time="0.004" failures="0">
    <testcase name="Combo Integracion Combo.getCombo getCombo.ok" time="0.000" classname="getCombo.ok">
    </testcase>
    <testcase name="Combo Integracion Combo.getCombo getCombo.server.fail" time="0.000" classname="getCombo.server.fail">
    </testcase>
  </testsuite>
  <testsuite name="Combo.showCombos" timestamp="2025-06-05T03:36:20" tests="0" file="/home/samuel/borrar/PupasFE/test/js/ControlIT/ComboIT.js" time="0.000" failures="0">
  </testsuite>
  <testsuite name="Combo.showCombos" timestamp="2025-06-05T03:36:20" tests="2" file="/home/samuel/borrar/PupasFE/test/js/ControlIT/ComboIT.js" time="0.013" failures="0">
    <testcase name="Combo Integracion Combo.showCombos Combo.showCombos showCombos.ok" time="0.007" classname="showCombos.ok">
    </testcase>
    <testcase name="Combo Integracion Combo.showCombos Combo.showCombos showCombos.fail" time="0.001" classname="showCombos.fail">
    </testcase>
  </testsuite>
  <testsuite name="Main Integracion" timestamp="2025-06-05T03:36:20" tests="5" file="/home/samuel/borrar/PupasFE/test/js/ControlIT/MainIT.js" time="0.034" failures="0">
    <testcase name="Main Integracion init.ok" time="0.002" classname="init.ok">
    </testcase>
    <testcase name="Main Integracion init.null" time="0.001" classname="init.null">
    </testcase>
    <testcase name="Main Integracion createBotonesOrden.ok" time="0.002" classname="createBotonesOrden.ok">
    </testcase>
    <testcase name="Main Integracion showMenu.productos.ok" time="0.011" classname="showMenu.productos.ok">
    </testcase>
    <testcase name="Main Integracion showMenu.combos.ok" time="0.012" classname="showMenu.combos.ok">
    </testcase>
  </testsuite>
  <testsuite name="Orden Integración" timestamp="2025-06-05T03:36:20" tests="8" file="/home/samuel/borrar/PupasFE/test/js/ControlIT/OrdenIT.js" time="0.023" failures="0">
    <testcase name="Orden Integración initOrden.ok" time="0.000" classname="initOrden.ok">
    </testcase>
    <testcase name="Orden Integración cancelOrden.ok" time="0.001" classname="cancelOrden.ok">
    </testcase>
    <testcase name="Orden Integración addProducto.acOrden Nueva" time="0.001" classname="addProducto.acOrden Nueva">
    </testcase>
    <testcase name="Orden Integración addProducto.existente" time="0.001" classname="addProducto.existente">
    </testcase>
    <testcase name="Orden Integración calcularTotal.ok" time="0.000" classname="calcularTotal.ok">
    </testcase>
    <testcase name="Orden Integración confirmarOrden.ok" time="0.001" classname="confirmarOrden.ok">
    </testcase>
    <testcase name="Orden Integración confirmarOrden.server.fail" time="0.000" classname="confirmarOrden.server.fail">
    </testcase>
    <testcase name="Orden Integración confirmarOrden.network.fail" time="0.001" classname="confirmarOrden.network.fail">
    </testcase>
  </testsuite>
  <testsuite name="Pago Integración" timestamp="2025-06-05T03:36:20" tests="1" file="/home/samuel/borrar/PupasFE/test/js/ControlIT/PagoIT.js" time="0.003" failures="0">
    <testcase name="Pago Integración confirmarPago.ok" time="0.002" classname="confirmarPago.ok">
    </testcase>
  </testsuite>
  <testsuite name="Producto Integración " timestamp="2025-06-05T03:36:20" tests="0" file="/home/samuel/borrar/PupasFE/test/js/ControlIT/ProductoIT.js" time="0.000" failures="0">
  </testsuite>
  <testsuite name="Producto.getProducto" timestamp="2025-06-05T03:36:20" tests="3" file="/home/samuel/borrar/PupasFE/test/js/ControlIT/ProductoIT.js" time="0.007" failures="0">
    <testcase name="Producto Integración  Producto.getProducto getProducto.ok" time="0.000" classname="getProducto.ok">
    </testcase>
    <testcase name="Producto Integración  Producto.getProducto getProducto.return=null" time="0.001" classname="getProducto.return=null">
    </testcase>
    <testcase name="Producto Integración  Producto.getProducto getProducto.response!=ok" time="0.001" classname="getProducto.response!=ok">
    </testcase>
  </testsuite>
  <testsuite name="Producto.showProductos()" timestamp="2025-06-05T03:36:20" tests="2" file="/home/samuel/borrar/PupasFE/test/js/ControlIT/ProductoIT.js" time="0.010" failures="0">
    <testcase name="Producto Integración  Producto.showProductos() showProductos.ok" time="0.006" classname="showProductos.ok">
    </testcase>
    <testcase name="Producto Integración  Producto.showProductos() showProductos.empty[]" time="0.001" classname="showProductos.empty[]">
    </testcase>
  </testsuite>
  <testsuite name="TipoProducto Integración " timestamp="2025-06-05T03:36:20" tests="0" file="/home/samuel/borrar/PupasFE/test/js/ControlIT/TipoProductoIT.js" time="0.000" failures="0">
  </testsuite>
  <testsuite name="TipoProducto" timestamp="2025-06-05T03:36:20" tests="3" file="/home/samuel/borrar/PupasFE/test/js/ControlIT/TipoProductoIT.js" time="0.005" failures="0">
    <testcase name="TipoProducto Integración  TipoProducto getTipoProducto.ok" time="0.001" classname="getTipoProducto.ok">
    </testcase>
    <testcase name="TipoProducto Integración  TipoProducto getTipoProducto.return=null" time="0.000" classname="getTipoProducto.return=null">
    </testcase>
    <testcase name="TipoProducto Integración  TipoProducto getTipoProducto.response!=ok" time="0.001" classname="getTipoProducto.response!=ok">
    </testcase>
  </testsuite>
</testsuites>